2019-05-27 16:55:05,571 [myid:] - INFO  [main:QuorumPeerConfig@133] - Reading configuration from: /home/jakub/studia/rozprochy/lab6/apache-zookeeper-3.5.5-bin/bin/../conf/zoo.cfg
2019-05-27 16:55:05,575 [myid:] - INFO  [main:QuorumPeerConfig@385] - clientPortAddress is 0.0.0.0/0.0.0.0:2181
2019-05-27 16:55:05,575 [myid:] - INFO  [main:QuorumPeerConfig@389] - secureClientPort is not set
2019-05-27 16:55:05,578 [myid:] - INFO  [main:DatadirCleanupManager@78] - autopurge.snapRetainCount set to 3
2019-05-27 16:55:05,579 [myid:] - INFO  [main:DatadirCleanupManager@79] - autopurge.purgeInterval set to 0
2019-05-27 16:55:05,579 [myid:] - INFO  [main:DatadirCleanupManager@101] - Purge task is not scheduled.
2019-05-27 16:55:05,579 [myid:] - WARN  [main:QuorumPeerMain@125] - Either no config or no quorum defined in config, running  in standalone mode
2019-05-27 16:55:05,580 [myid:] - INFO  [main:ManagedUtil@46] - Log4j found with jmx enabled.
2019-05-27 16:55:05,588 [myid:] - INFO  [main:QuorumPeerConfig@133] - Reading configuration from: /home/jakub/studia/rozprochy/lab6/apache-zookeeper-3.5.5-bin/bin/../conf/zoo.cfg
2019-05-27 16:55:05,589 [myid:] - INFO  [main:QuorumPeerConfig@385] - clientPortAddress is 0.0.0.0/0.0.0.0:2181
2019-05-27 16:55:05,589 [myid:] - INFO  [main:QuorumPeerConfig@389] - secureClientPort is not set
2019-05-27 16:55:05,589 [myid:] - INFO  [main:ZooKeeperServerMain@117] - Starting server
2019-05-27 16:55:05,603 [myid:] - INFO  [main:Environment@109] - Server environment:zookeeper.version=3.5.5-390fe37ea45dee01bf87dc1c042b5e3dcce88653, built on 05/03/2019 12:07 GMT
2019-05-27 16:55:05,603 [myid:] - INFO  [main:Environment@109] - Server environment:host.name=jakub-konieczny
2019-05-27 16:55:05,603 [myid:] - INFO  [main:Environment@109] - Server environment:java.version=1.8.0_212
2019-05-27 16:55:05,603 [myid:] - INFO  [main:Environment@109] - Server environment:java.vendor=Oracle Corporation
2019-05-27 16:55:05,604 [myid:] - INFO  [main:Environment@109] - Server environment:java.home=/usr/lib/jvm/java-8-openjdk-amd64/jre
2019-05-27 16:55:05,604 [myid:] - INFO  [main:Environment@109] - Server environment:java.class.path=/home/jakub/studia/rozprochy/lab6/apache-zookeeper-3.5.5-bin/bin/../zookeeper-server/target/classes:/home/jakub/studia/rozprochy/lab6/apache-zookeeper-3.5.5-bin/bin/../build/classes:/home/jakub/studia/rozprochy/lab6/apache-zookeeper-3.5.5-bin/bin/../zookeeper-server/target/lib/*.jar:/home/jakub/studia/rozprochy/lab6/apache-zookeeper-3.5.5-bin/bin/../build/lib/*.jar:/home/jakub/studia/rozprochy/lab6/apache-zookeeper-3.5.5-bin/bin/../lib/zookeeper-jute-3.5.5.jar:/home/jakub/studia/rozprochy/lab6/apache-zookeeper-3.5.5-bin/bin/../lib/zookeeper-3.5.5.jar:/home/jakub/studia/rozprochy/lab6/apache-zookeeper-3.5.5-bin/bin/../lib/slf4j-log4j12-1.7.25.jar:/home/jakub/studia/rozprochy/lab6/apache-zookeeper-3.5.5-bin/bin/../lib/slf4j-api-1.7.25.jar:/home/jakub/studia/rozprochy/lab6/apache-zookeeper-3.5.5-bin/bin/../lib/netty-all-4.1.29.Final.jar:/home/jakub/studia/rozprochy/lab6/apache-zookeeper-3.5.5-bin/bin/../lib/log4j-1.2.17.jar:/home/jakub/studia/rozprochy/lab6/apache-zookeeper-3.5.5-bin/bin/../lib/json-simple-1.1.1.jar:/home/jakub/studia/rozprochy/lab6/apache-zookeeper-3.5.5-bin/bin/../lib/jline-2.11.jar:/home/jakub/studia/rozprochy/lab6/apache-zookeeper-3.5.5-bin/bin/../lib/jetty-util-9.4.17.v20190418.jar:/home/jakub/studia/rozprochy/lab6/apache-zookeeper-3.5.5-bin/bin/../lib/jetty-servlet-9.4.17.v20190418.jar:/home/jakub/studia/rozprochy/lab6/apache-zookeeper-3.5.5-bin/bin/../lib/jetty-server-9.4.17.v20190418.jar:/home/jakub/studia/rozprochy/lab6/apache-zookeeper-3.5.5-bin/bin/../lib/jetty-security-9.4.17.v20190418.jar:/home/jakub/studia/rozprochy/lab6/apache-zookeeper-3.5.5-bin/bin/../lib/jetty-io-9.4.17.v20190418.jar:/home/jakub/studia/rozprochy/lab6/apache-zookeeper-3.5.5-bin/bin/../lib/jetty-http-9.4.17.v20190418.jar:/home/jakub/studia/rozprochy/lab6/apache-zookeeper-3.5.5-bin/bin/../lib/javax.servlet-api-3.1.0.jar:/home/jakub/studia/rozprochy/lab6/apache-zookeeper-3.5.5-bin/bin/../lib/jackson-databind-2.9.8.jar:/home/jakub/studia/rozprochy/lab6/apache-zookeeper-3.5.5-bin/bin/../lib/jackson-core-2.9.8.jar:/home/jakub/studia/rozprochy/lab6/apache-zookeeper-3.5.5-bin/bin/../lib/jackson-annotations-2.9.0.jar:/home/jakub/studia/rozprochy/lab6/apache-zookeeper-3.5.5-bin/bin/../lib/commons-cli-1.2.jar:/home/jakub/studia/rozprochy/lab6/apache-zookeeper-3.5.5-bin/bin/../lib/audience-annotations-0.5.0.jar:/home/jakub/studia/rozprochy/lab6/apache-zookeeper-3.5.5-bin/bin/../zookeeper-*.jar:/home/jakub/studia/rozprochy/lab6/apache-zookeeper-3.5.5-bin/bin/../zookeeper-server/src/main/resources/lib/*.jar:/home/jakub/studia/rozprochy/lab6/apache-zookeeper-3.5.5-bin/bin/../conf:
2019-05-27 16:55:05,604 [myid:] - INFO  [main:Environment@109] - Server environment:java.library.path=/usr/java/packages/lib/amd64:/usr/lib/x86_64-linux-gnu/jni:/lib/x86_64-linux-gnu:/usr/lib/x86_64-linux-gnu:/usr/lib/jni:/lib:/usr/lib
2019-05-27 16:55:05,604 [myid:] - INFO  [main:Environment@109] - Server environment:java.io.tmpdir=/tmp
2019-05-27 16:55:05,604 [myid:] - INFO  [main:Environment@109] - Server environment:java.compiler=<NA>
2019-05-27 16:55:05,604 [myid:] - INFO  [main:Environment@109] - Server environment:os.name=Linux
2019-05-27 16:55:05,604 [myid:] - INFO  [main:Environment@109] - Server environment:os.arch=amd64
2019-05-27 16:55:05,604 [myid:] - INFO  [main:Environment@109] - Server environment:os.version=4.15.0-50-generic
2019-05-27 16:55:05,604 [myid:] - INFO  [main:Environment@109] - Server environment:user.name=jakub
2019-05-27 16:55:05,605 [myid:] - INFO  [main:Environment@109] - Server environment:user.home=/home/jakub
2019-05-27 16:55:05,605 [myid:] - INFO  [main:Environment@109] - Server environment:user.dir=/home/jakub/studia/rozprochy/lab6/apache-zookeeper-3.5.5-bin/bin
2019-05-27 16:55:05,605 [myid:] - INFO  [main:Environment@109] - Server environment:os.memory.free=109MB
2019-05-27 16:55:05,605 [myid:] - INFO  [main:Environment@109] - Server environment:os.memory.max=889MB
2019-05-27 16:55:05,605 [myid:] - INFO  [main:Environment@109] - Server environment:os.memory.total=119MB
2019-05-27 16:55:05,606 [myid:] - INFO  [main:ZooKeeperServer@938] - minSessionTimeout set to 4000
2019-05-27 16:55:05,606 [myid:] - INFO  [main:ZooKeeperServer@947] - maxSessionTimeout set to 40000
2019-05-27 16:55:05,606 [myid:] - INFO  [main:ZooKeeperServer@166] - Created server with tickTime 2000 minSessionTimeout 4000 maxSessionTimeout 40000 datadir /tmp/zookeeper/version-2 snapdir /tmp/zookeeper/version-2
2019-05-27 16:55:05,621 [myid:] - INFO  [main:Log@193] - Logging initialized @303ms to org.eclipse.jetty.util.log.Slf4jLog
2019-05-27 16:55:05,703 [myid:] - WARN  [main:ContextHandler@1588] - o.e.j.s.ServletContextHandler@5f2108b5{/,null,UNAVAILABLE} contextPath ends with /*
2019-05-27 16:55:05,703 [myid:] - WARN  [main:ContextHandler@1599] - Empty contextPath
2019-05-27 16:55:05,711 [myid:] - INFO  [main:Server@370] - jetty-9.4.17.v20190418; built: 2019-04-18T19:45:35.259Z; git: aa1c656c315c011c01e7b21aabb04066635b9f67; jvm 1.8.0_212-8u212-b03-0ubuntu1.18.04.1-b03
2019-05-27 16:55:05,743 [myid:] - INFO  [main:DefaultSessionIdManager@365] - DefaultSessionIdManager workerName=node0
2019-05-27 16:55:05,744 [myid:] - INFO  [main:DefaultSessionIdManager@370] - No SessionScavenger set, using defaults
2019-05-27 16:55:05,745 [myid:] - INFO  [main:HouseKeeper@149] - node0 Scavenging every 660000ms
2019-05-27 16:55:05,752 [myid:] - INFO  [main:ContextHandler@855] - Started o.e.j.s.ServletContextHandler@5f2108b5{/,null,AVAILABLE}
2019-05-27 16:55:05,764 [myid:] - INFO  [main:AbstractConnector@292] - Started ServerConnector@50c87b21{HTTP/1.1,[http/1.1]}{0.0.0.0:8080}
2019-05-27 16:55:05,765 [myid:] - INFO  [main:Server@410] - Started @448ms
2019-05-27 16:55:05,765 [myid:] - INFO  [main:JettyAdminServer@112] - Started AdminServer on address 0.0.0.0, port 8080 and command URL /commands
2019-05-27 16:55:05,769 [myid:] - INFO  [main:ServerCnxnFactory@135] - Using org.apache.zookeeper.server.NIOServerCnxnFactory as server connection factory
2019-05-27 16:55:05,771 [myid:] - INFO  [main:NIOServerCnxnFactory@673] - Configuring NIO connection handler with 10s sessionless connection timeout, 1 selector thread(s), 8 worker threads, and 64 kB direct buffers.
2019-05-27 16:55:05,773 [myid:] - INFO  [main:NIOServerCnxnFactory@686] - binding to port 0.0.0.0/0.0.0.0:2181
2019-05-27 16:55:05,781 [myid:] - INFO  [main:ZKDatabase@117] - zookeeper.snapshotSizeFactor = 0.33
2019-05-27 16:55:05,784 [myid:] - INFO  [main:FileTxnSnapLog@372] - Snapshotting: 0x0 to /tmp/zookeeper/version-2/snapshot.0
2019-05-27 16:55:05,786 [myid:] - INFO  [main:FileTxnSnapLog@372] - Snapshotting: 0x0 to /tmp/zookeeper/version-2/snapshot.0
2019-05-27 16:55:05,798 [myid:] - INFO  [main:ContainerManager@64] - Using checkIntervalMs=60000 maxPerMinute=10000
2019-05-27 16:56:30,928 [myid:] - INFO  [SyncThread:0:FileTxnLog@216] - Creating new log file: log.1
2019-05-27 16:57:08,019 [myid:] - WARN  [NIOWorkerThread-5:NIOServerCnxn@366] - Unable to read additional data from client sessionid 0x100005c81890000, likely client has closed socket
2019-05-27 16:57:37,315 [myid:] - INFO  [SessionTracker:ZooKeeperServer@398] - Expiring session 0x100005c81890000, timeout of 30000ms exceeded
